2025-08-11 20:48:07,134 - INFO - Starting Blocket Bostad scraper...
2025-08-11 20:48:07,134 - INFO - Getting pagination information...
2025-08-11 20:48:09,038 - INFO - Found 4 pages, last page: 26
2025-08-11 20:48:09,066 - INFO - Generating URLs for 26 pages...
2025-08-11 20:48:09,066 - INFO - Generated 26 URLs
2025-08-11 20:48:09,066 - INFO - Starting to scrape 26 pages...
2025-08-11 20:48:09,316 - INFO - Scraping page 1...
2025-08-11 20:48:30,133 - WARNING - Timeout waiting for a.qds-6d0zjo, retrying... (attempt 1)
2025-08-11 20:48:52,135 - WARNING - Timeout waiting for a.qds-6d0zjo, retrying... (attempt 2)
2025-08-11 20:49:14,137 - ERROR - Failed to find a.qds-6d0zjo after 3 attempts
2025-08-11 20:49:14,137 - WARNING - Content not fully loaded for page 1, continuing anyway...
2025-08-11 20:49:14,174 - INFO - Page 1 saved to data/raw/blocket/page1.html
2025-08-11 20:49:17,051 - INFO - Scraping page 2...
2025-08-11 20:49:37,669 - WARNING - Timeout waiting for a.qds-6d0zjo, retrying... (attempt 1)
2025-08-11 20:49:59,672 - WARNING - Timeout waiting for a.qds-6d0zjo, retrying... (attempt 2)
2025-08-11 20:50:21,673 - ERROR - Failed to find a.qds-6d0zjo after 3 attempts
2025-08-11 20:50:21,673 - WARNING - Content not fully loaded for page 2, continuing anyway...
2025-08-11 20:50:21,709 - INFO - Page 2 saved to data/raw/blocket/page2.html
2025-08-11 20:50:23,575 - INFO - Scraping page 3...
2025-08-11 20:50:44,283 - WARNING - Timeout waiting for a.qds-6d0zjo, retrying... (attempt 1)
2025-08-11 20:51:06,286 - WARNING - Timeout waiting for a.qds-6d0zjo, retrying... (attempt 2)
2025-08-11 20:51:28,288 - ERROR - Failed to find a.qds-6d0zjo after 3 attempts
2025-08-11 20:51:28,288 - WARNING - Content not fully loaded for page 3, continuing anyway...
2025-08-11 20:51:28,318 - INFO - Page 3 saved to data/raw/blocket/page3.html
2025-08-11 20:51:30,587 - INFO - Scraping page 4...
2025-08-11 20:51:56,458 - ERROR - Future exception was never retrieved
future: <Future finished exception=TargetClosedError('Target page, context or browser has been closed')>
playwright._impl._errors.TargetClosedError: Target page, context or browser has been closed
2025-08-11 20:51:56,458 - ERROR - Future exception was never retrieved
future: <Future finished exception=TargetClosedError('Target page, context or browser has been closed')>
playwright._impl._errors.TargetClosedError: Target page, context or browser has been closed
2025-08-11 20:51:56,459 - ERROR - Future exception was never retrieved
future: <Future finished exception=TargetClosedError('Target page, context or browser has been closed')>
playwright._impl._errors.TargetClosedError: Target page, context or browser has been closed
2025-08-11 21:11:13,735 - INFO - Starting Blocket Bostad scraper...
2025-08-11 21:11:13,735 - INFO - Getting pagination information...
2025-08-11 21:11:15,890 - INFO - Found 4 pages, last page: 26
2025-08-11 21:11:15,917 - INFO - Generating URLs for 26 pages...
2025-08-11 21:11:15,917 - INFO - Generated 26 URLs
2025-08-11 21:11:15,917 - INFO - Starting to scrape 26 pages...
2025-08-11 21:11:16,167 - INFO - Scraping page 1...
2025-08-11 21:11:16,846 - INFO - Found 1 property listings on page 1
2025-08-11 21:11:16,883 - INFO - Page 1 saved to data/raw/blocket/page1.html
2025-08-11 21:11:17,969 - INFO - Scraping page 2...
2025-08-11 21:11:18,740 - INFO - Found 1 property listings on page 2
2025-08-11 21:11:18,754 - INFO - Page 2 saved to data/raw/blocket/page2.html
2025-08-11 21:11:21,312 - INFO - Scraping page 3...
2025-08-11 21:11:22,117 - INFO - Found 1 property listings on page 3
2025-08-11 21:11:22,129 - INFO - Page 3 saved to data/raw/blocket/page3.html
2025-08-11 21:11:24,185 - INFO - Scraping page 4...
2025-08-11 21:11:25,173 - INFO - Found 1 property listings on page 4
2025-08-11 21:11:25,210 - INFO - Page 4 saved to data/raw/blocket/page4.html
2025-08-11 21:11:26,587 - INFO - Scraping page 5...
2025-08-11 21:11:27,258 - INFO - Found 1 property listings on page 5
2025-08-11 21:11:27,272 - INFO - Page 5 saved to data/raw/blocket/page5.html
2025-08-11 21:11:28,750 - INFO - Scraping page 6...
2025-08-11 21:11:29,438 - INFO - Found 1 property listings on page 6
2025-08-11 21:11:29,453 - INFO - Page 6 saved to data/raw/blocket/page6.html
2025-08-11 21:11:30,983 - INFO - Scraping page 7...
2025-08-11 21:11:31,828 - INFO - Found 1 property listings on page 7
2025-08-11 21:11:31,862 - INFO - Page 7 saved to data/raw/blocket/page7.html
2025-08-11 21:11:33,798 - INFO - Scraping page 8...
2025-08-11 21:11:34,622 - INFO - Found 1 property listings on page 8
2025-08-11 21:11:34,673 - INFO - Page 8 saved to data/raw/blocket/page8.html
2025-08-11 21:11:36,619 - INFO - Scraping page 9...
2025-08-11 21:11:37,380 - INFO - Found 1 property listings on page 9
2025-08-11 21:11:37,391 - INFO - Page 9 saved to data/raw/blocket/page9.html
2025-08-11 21:11:38,894 - INFO - Scraping page 10...
2025-08-11 21:11:39,699 - INFO - Found 1 property listings on page 10
2025-08-11 21:11:39,711 - INFO - Page 10 saved to data/raw/blocket/page10.html
2025-08-11 21:11:41,917 - INFO - Scraping page 11...
2025-08-11 21:11:42,749 - INFO - Found 1 property listings on page 11
2025-08-11 21:11:42,761 - INFO - Page 11 saved to data/raw/blocket/page11.html
2025-08-11 21:11:44,165 - INFO - Scraping page 12...
2025-08-11 21:11:45,018 - INFO - Found 1 property listings on page 12
2025-08-11 21:11:45,054 - INFO - Page 12 saved to data/raw/blocket/page12.html
2025-08-11 21:11:46,410 - INFO - Scraping page 13...
2025-08-11 21:11:47,138 - INFO - Found 1 property listings on page 13
2025-08-11 21:11:47,176 - INFO - Page 13 saved to data/raw/blocket/page13.html
2025-08-11 21:11:49,209 - INFO - Scraping page 14...
2025-08-11 21:11:49,930 - INFO - Found 1 property listings on page 14
2025-08-11 21:11:49,943 - INFO - Page 14 saved to data/raw/blocket/page14.html
2025-08-11 21:11:51,516 - INFO - Scraping page 15...
2025-08-11 21:11:52,217 - INFO - Found 1 property listings on page 15
2025-08-11 21:11:52,229 - INFO - Page 15 saved to data/raw/blocket/page15.html
2025-08-11 21:11:54,424 - INFO - Scraping page 16...
2025-08-11 21:11:55,150 - INFO - Found 1 property listings on page 16
2025-08-11 21:11:55,162 - INFO - Page 16 saved to data/raw/blocket/page16.html
2025-08-11 21:11:57,690 - INFO - Scraping page 17...
2025-08-11 21:11:58,419 - INFO - Found 1 property listings on page 17
2025-08-11 21:11:58,454 - INFO - Page 17 saved to data/raw/blocket/page17.html
2025-08-11 21:12:00,652 - INFO - Scraping page 18...
2025-08-11 21:12:01,430 - INFO - Found 1 property listings on page 18
2025-08-11 21:12:01,444 - INFO - Page 18 saved to data/raw/blocket/page18.html
2025-08-11 21:12:03,325 - INFO - Scraping page 19...
2025-08-11 21:12:04,157 - INFO - Found 1 property listings on page 19
2025-08-11 21:12:04,176 - INFO - Page 19 saved to data/raw/blocket/page19.html
2025-08-11 21:12:06,342 - INFO - Scraping page 20...
2025-08-11 21:12:07,013 - INFO - Found 1 property listings on page 20
2025-08-11 21:12:07,025 - INFO - Page 20 saved to data/raw/blocket/page20.html
2025-08-11 21:12:09,599 - INFO - Scraping page 21...
2025-08-11 21:12:10,376 - INFO - Found 1 property listings on page 21
2025-08-11 21:12:10,413 - INFO - Page 21 saved to data/raw/blocket/page21.html
2025-08-11 21:12:11,836 - INFO - Scraping page 22...
2025-08-11 21:12:12,539 - INFO - Found 1 property listings on page 22
2025-08-11 21:12:12,553 - INFO - Page 22 saved to data/raw/blocket/page22.html
2025-08-11 21:12:14,982 - INFO - Scraping page 23...
2025-08-11 21:12:15,846 - INFO - Found 1 property listings on page 23
2025-08-11 21:12:15,911 - INFO - Page 23 saved to data/raw/blocket/page23.html
2025-08-11 21:12:17,590 - INFO - Scraping page 24...
2025-08-11 21:12:18,533 - INFO - Found 1 property listings on page 24
2025-08-11 21:12:18,598 - INFO - Page 24 saved to data/raw/blocket/page24.html
2025-08-11 21:12:21,530 - INFO - Scraping page 25...
2025-08-11 21:12:22,273 - INFO - Found 1 property listings on page 25
2025-08-11 21:12:22,347 - INFO - Page 25 saved to data/raw/blocket/page25.html
2025-08-11 21:12:24,365 - INFO - Scraping page 26...
2025-08-11 21:12:25,162 - INFO - Found 1 property listings on page 26
2025-08-11 21:12:25,185 - INFO - Page 26 saved to data/raw/blocket/page26.html
2025-08-11 21:12:25,262 - INFO - Scraping completed. Success: 26, Failed: 0
2025-08-11 21:12:25,262 - INFO - Scraping process completed!
2025-08-11 21:21:44,150 - INFO - Starting Blocket Bostad scraper...
2025-08-11 21:21:44,151 - INFO - Getting pagination information...
2025-08-11 21:21:46,084 - INFO - Found 4 pages, last page: 26
2025-08-11 21:21:46,109 - INFO - Generating URLs for 26 pages...
2025-08-11 21:21:46,109 - INFO - Generated 26 URLs
2025-08-11 21:21:46,109 - INFO - Starting to scrape 26 pages...
2025-08-11 21:21:46,356 - INFO - Scraping page 1...
2025-08-11 21:21:48,035 - INFO - Found 60 property listings on page 1
2025-08-11 21:21:48,053 - INFO - Page 1 saved to data/raw/blocket/page1.html
2025-08-11 21:21:50,523 - INFO - Scraping page 2...
2025-08-11 21:21:52,213 - INFO - Found 60 property listings on page 2
2025-08-11 21:21:52,230 - INFO - Page 2 saved to data/raw/blocket/page2.html
2025-08-11 21:21:53,548 - INFO - Scraping page 3...
2025-08-11 21:21:55,110 - INFO - Found 60 property listings on page 3
2025-08-11 21:21:55,128 - INFO - Page 3 saved to data/raw/blocket/page3.html
2025-08-11 21:21:56,611 - INFO - Scraping page 4...
2025-08-11 21:21:58,102 - INFO - Found 60 property listings on page 4
2025-08-11 21:21:58,127 - INFO - Page 4 saved to data/raw/blocket/page4.html
2025-08-11 21:21:59,718 - INFO - Scraping page 5...
2025-08-11 21:22:01,749 - INFO - Found 60 property listings on page 5
2025-08-11 21:22:01,790 - INFO - Page 5 saved to data/raw/blocket/page5.html
2025-08-11 21:22:02,901 - INFO - Scraping page 6...
2025-08-11 21:22:04,546 - INFO - Found 60 property listings on page 6
2025-08-11 21:22:04,569 - INFO - Page 6 saved to data/raw/blocket/page6.html
2025-08-11 21:22:05,625 - INFO - Scraping page 7...
2025-08-11 21:22:07,260 - INFO - Found 60 property listings on page 7
2025-08-11 21:22:07,279 - INFO - Page 7 saved to data/raw/blocket/page7.html
2025-08-11 21:22:09,789 - INFO - Scraping page 8...
2025-08-11 21:22:11,448 - INFO - Found 60 property listings on page 8
2025-08-11 21:22:11,463 - INFO - Page 8 saved to data/raw/blocket/page8.html
2025-08-11 21:22:13,080 - INFO - Scraping page 9...
2025-08-11 21:22:14,641 - INFO - Found 60 property listings on page 9
2025-08-11 21:22:14,656 - INFO - Page 9 saved to data/raw/blocket/page9.html
2025-08-11 21:22:16,802 - INFO - Scraping page 10...
2025-08-11 21:22:18,909 - INFO - Found 60 property listings on page 10
2025-08-11 21:22:18,958 - INFO - Page 10 saved to data/raw/blocket/page10.html
2025-08-11 21:22:21,130 - INFO - Scraping page 11...
2025-08-11 21:22:23,179 - INFO - Found 60 property listings on page 11
2025-08-11 21:22:23,223 - INFO - Page 11 saved to data/raw/blocket/page11.html
2025-08-11 21:22:25,465 - INFO - Scraping page 12...
2025-08-11 21:22:26,894 - INFO - Found 60 property listings on page 12
2025-08-11 21:22:26,909 - INFO - Page 12 saved to data/raw/blocket/page12.html
2025-08-11 21:22:28,877 - INFO - Scraping page 13...
2025-08-11 21:22:31,028 - INFO - Found 60 property listings on page 13
2025-08-11 21:22:31,067 - INFO - Page 13 saved to data/raw/blocket/page13.html
2025-08-11 21:22:32,754 - INFO - Scraping page 14...
2025-08-11 21:22:34,415 - INFO - Found 60 property listings on page 14
2025-08-11 21:22:34,430 - INFO - Page 14 saved to data/raw/blocket/page14.html
2025-08-11 21:22:35,635 - INFO - Scraping page 15...
2025-08-11 21:22:37,832 - INFO - Found 60 property listings on page 15
2025-08-11 21:22:37,869 - INFO - Page 15 saved to data/raw/blocket/page15.html
2025-08-11 21:22:40,257 - INFO - Scraping page 16...
2025-08-11 21:22:41,883 - INFO - Found 60 property listings on page 16
2025-08-11 21:22:41,898 - INFO - Page 16 saved to data/raw/blocket/page16.html
2025-08-11 21:22:43,091 - INFO - Scraping page 17...
2025-08-11 21:22:44,527 - INFO - Found 60 property listings on page 17
2025-08-11 21:22:44,554 - INFO - Page 17 saved to data/raw/blocket/page17.html
2025-08-11 21:22:45,953 - INFO - Scraping page 18...
2025-08-11 21:22:47,514 - INFO - Found 60 property listings on page 18
2025-08-11 21:22:47,535 - INFO - Page 18 saved to data/raw/blocket/page18.html
2025-08-11 21:22:49,542 - INFO - Scraping page 19...
2025-08-11 21:22:50,895 - INFO - Found 60 property listings on page 19
2025-08-11 21:22:50,918 - INFO - Page 19 saved to data/raw/blocket/page19.html
2025-08-11 21:22:53,344 - INFO - Scraping page 20...
2025-08-11 21:22:55,096 - INFO - Found 60 property listings on page 20
2025-08-11 21:22:55,113 - INFO - Page 20 saved to data/raw/blocket/page20.html
2025-08-11 21:22:57,834 - INFO - Scraping page 21...
2025-08-11 21:22:59,418 - INFO - Found 60 property listings on page 21
2025-08-11 21:22:59,433 - INFO - Page 21 saved to data/raw/blocket/page21.html
2025-08-11 21:23:00,720 - INFO - Scraping page 22...
2025-08-11 21:23:03,533 - INFO - Found 60 property listings on page 22
2025-08-11 21:23:03,579 - INFO - Page 22 saved to data/raw/blocket/page22.html
2025-08-11 21:23:04,978 - INFO - Scraping page 23...
2025-08-11 21:23:06,670 - INFO - Found 60 property listings on page 23
2025-08-11 21:23:06,686 - INFO - Page 23 saved to data/raw/blocket/page23.html
2025-08-11 21:23:09,283 - INFO - Scraping page 24...
2025-08-11 21:23:10,865 - INFO - Found 60 property listings on page 24
2025-08-11 21:23:10,883 - INFO - Page 24 saved to data/raw/blocket/page24.html
2025-08-11 21:23:13,161 - INFO - Scraping page 25...
2025-08-11 21:23:14,794 - INFO - Found 60 property listings on page 25
2025-08-11 21:23:14,810 - INFO - Page 25 saved to data/raw/blocket/page25.html
2025-08-11 21:23:16,295 - INFO - Scraping page 26...
2025-08-11 21:23:18,359 - INFO - Found 3 property listings on page 26
2025-08-11 21:23:18,386 - INFO - Page 26 saved to data/raw/blocket/page26.html
2025-08-11 21:23:18,438 - INFO - Scraping completed. Success: 26, Failed: 0
2025-08-11 21:23:18,438 - INFO - Scraping process completed!
2025-08-11 22:07:27,767 - INFO - Starting Blocket Bostad scraper...
2025-08-11 22:07:27,767 - INFO - Getting pagination information...
2025-08-11 22:07:29,626 - INFO - Found 4 pages, last page: 26
2025-08-11 22:07:29,654 - INFO - Generating URLs for 26 pages...
2025-08-11 22:07:29,655 - INFO - Generated 26 URLs
2025-08-11 22:07:29,655 - INFO - Starting to scrape 26 pages...
2025-08-11 22:07:29,897 - INFO - Scraping page 1...
2025-08-11 22:07:31,520 - INFO - Found 60 property listings on page 1
2025-08-11 22:07:31,536 - INFO - Page 1 saved to data/raw/blocket/page1.html
2025-08-11 22:07:32,998 - INFO - Scraping page 2...
2025-08-11 22:07:34,647 - INFO - Found 60 property listings on page 2
2025-08-11 22:07:34,663 - INFO - Page 2 saved to data/raw/blocket/page2.html
2025-08-11 22:07:37,302 - INFO - Scraping page 3...
2025-08-11 22:07:38,891 - INFO - Found 60 property listings on page 3
2025-08-11 22:07:38,906 - INFO - Page 3 saved to data/raw/blocket/page3.html
2025-08-11 22:07:41,364 - INFO - Scraping page 4...
2025-08-11 22:07:43,022 - INFO - Found 60 property listings on page 4
2025-08-11 22:07:43,043 - INFO - Page 4 saved to data/raw/blocket/page4.html
2025-08-11 22:07:45,968 - INFO - Scraping page 5...
2025-08-11 22:07:47,722 - INFO - Found 60 property listings on page 5
2025-08-11 22:07:47,740 - INFO - Page 5 saved to data/raw/blocket/page5.html
2025-08-11 22:07:49,836 - INFO - Scraping page 6...
2025-08-11 22:07:51,515 - INFO - Found 60 property listings on page 6
2025-08-11 22:07:51,531 - INFO - Page 6 saved to data/raw/blocket/page6.html
2025-08-11 22:07:54,230 - INFO - Scraping page 7...
2025-08-11 22:07:55,963 - INFO - Found 60 property listings on page 7
2025-08-11 22:07:55,982 - INFO - Page 7 saved to data/raw/blocket/page7.html
2025-08-11 22:07:57,821 - INFO - Scraping page 8...
2025-08-11 22:07:59,941 - INFO - Found 60 property listings on page 8
2025-08-11 22:07:59,982 - INFO - Page 8 saved to data/raw/blocket/page8.html
2025-08-11 22:08:02,700 - INFO - Scraping page 9...
2025-08-11 22:08:04,309 - INFO - Found 60 property listings on page 9
2025-08-11 22:08:04,325 - INFO - Page 9 saved to data/raw/blocket/page9.html
2025-08-11 22:08:06,768 - INFO - Scraping page 10...
2025-08-11 22:08:08,152 - INFO - Found 60 property listings on page 10
2025-08-11 22:08:08,174 - INFO - Page 10 saved to data/raw/blocket/page10.html
2025-08-11 22:08:09,375 - INFO - Scraping page 11...
2025-08-11 22:08:11,000 - INFO - Found 60 property listings on page 11
2025-08-11 22:08:11,015 - INFO - Page 11 saved to data/raw/blocket/page11.html
2025-08-11 22:08:14,019 - INFO - Scraping page 12...
2025-08-11 22:08:15,654 - INFO - Found 60 property listings on page 12
2025-08-11 22:08:15,722 - INFO - Page 12 saved to data/raw/blocket/page12.html
2025-08-11 22:08:18,670 - INFO - Scraping page 13...
2025-08-11 22:08:20,115 - INFO - Found 60 property listings on page 13
2025-08-11 22:08:20,147 - INFO - Page 13 saved to data/raw/blocket/page13.html
2025-08-11 22:08:21,262 - INFO - Scraping page 14...
2025-08-11 22:08:22,894 - INFO - Found 60 property listings on page 14
2025-08-11 22:08:22,908 - INFO - Page 14 saved to data/raw/blocket/page14.html
2025-08-11 22:08:25,844 - INFO - Scraping page 15...
2025-08-11 22:08:27,498 - INFO - Found 60 property listings on page 15
2025-08-11 22:08:27,513 - INFO - Page 15 saved to data/raw/blocket/page15.html
2025-08-11 22:08:29,655 - INFO - Scraping page 16...
2025-08-11 22:08:31,761 - INFO - Found 60 property listings on page 16
2025-08-11 22:08:31,797 - INFO - Page 16 saved to data/raw/blocket/page16.html
2025-08-11 22:08:33,358 - INFO - Scraping page 17...
2025-08-11 22:08:35,046 - INFO - Found 60 property listings on page 17
2025-08-11 22:08:35,062 - INFO - Page 17 saved to data/raw/blocket/page17.html
2025-08-11 22:08:37,286 - INFO - Scraping page 18...
2025-08-11 22:08:39,021 - INFO - Found 60 property listings on page 18
2025-08-11 22:08:39,063 - INFO - Page 18 saved to data/raw/blocket/page18.html
2025-08-11 22:08:41,691 - INFO - Scraping page 19...
2025-08-11 22:08:43,139 - INFO - Found 60 property listings on page 19
2025-08-11 22:08:43,176 - INFO - Page 19 saved to data/raw/blocket/page19.html
2025-08-11 22:08:44,693 - INFO - Scraping page 20...
2025-08-11 22:08:46,366 - INFO - Found 60 property listings on page 20
2025-08-11 22:08:46,381 - INFO - Page 20 saved to data/raw/blocket/page20.html
2025-08-11 22:08:48,290 - INFO - Scraping page 21...
2025-08-11 22:08:49,883 - INFO - Found 60 property listings on page 21
2025-08-11 22:08:49,900 - INFO - Page 21 saved to data/raw/blocket/page21.html
2025-08-11 22:08:52,931 - INFO - Scraping page 22...
2025-08-11 22:08:54,661 - INFO - Found 60 property listings on page 22
2025-08-11 22:08:54,676 - INFO - Page 22 saved to data/raw/blocket/page22.html
2025-08-11 22:08:57,520 - INFO - Scraping page 23...
2025-08-11 22:08:59,209 - INFO - Found 60 property listings on page 23
2025-08-11 22:08:59,223 - INFO - Page 23 saved to data/raw/blocket/page23.html
2025-08-11 22:09:00,625 - INFO - Scraping page 24...
2025-08-11 22:09:01,999 - INFO - Found 60 property listings on page 24
2025-08-11 22:09:02,016 - INFO - Page 24 saved to data/raw/blocket/page24.html
2025-08-11 22:09:03,874 - INFO - Scraping page 25...
2025-08-11 22:09:05,864 - INFO - Found 60 property listings on page 25
2025-08-11 22:09:05,903 - INFO - Page 25 saved to data/raw/blocket/page25.html
2025-08-11 22:09:07,028 - INFO - Scraping page 26...
2025-08-11 22:09:08,238 - INFO - Found 7 property listings on page 26
2025-08-11 22:09:08,245 - INFO - Page 26 saved to data/raw/blocket/page26.html
2025-08-11 22:09:08,275 - INFO - Scraping completed. Success: 26, Failed: 0
2025-08-11 22:09:08,275 - INFO - Scraping process completed!
2025-08-12 11:39:17,043 - INFO - Starting Blocket Bostad scraper...
2025-08-12 11:39:17,043 - INFO - Getting pagination information...
2025-08-12 11:39:19,740 - INFO - Found 4 pages, last page: 26
2025-08-12 11:39:19,771 - INFO - Generating URLs for 26 pages...
2025-08-12 11:39:19,771 - INFO - Generated 26 URLs
2025-08-12 11:39:19,771 - INFO - Starting to scrape 26 pages...
2025-08-12 11:39:20,013 - INFO - Scraping page 1...
2025-08-12 11:39:21,756 - INFO - Found 60 property listings on page 1
2025-08-12 11:39:21,774 - INFO - Page 1 saved to data/raw/blocket/page1.html
2025-08-12 11:39:24,211 - INFO - Scraping page 2...
2025-08-12 11:39:25,714 - INFO - Found 60 property listings on page 2
2025-08-12 11:39:25,738 - INFO - Page 2 saved to data/raw/blocket/page2.html
2025-08-12 11:39:27,423 - INFO - Scraping page 3...
2025-08-12 11:39:29,085 - INFO - Found 60 property listings on page 3
2025-08-12 11:39:29,101 - INFO - Page 3 saved to data/raw/blocket/page3.html
2025-08-12 11:39:30,141 - INFO - Scraping page 4...
2025-08-12 11:39:31,524 - INFO - Found 60 property listings on page 4
2025-08-12 11:39:31,549 - INFO - Page 4 saved to data/raw/blocket/page4.html
2025-08-12 11:39:33,832 - INFO - Scraping page 5...
2025-08-12 11:39:35,509 - INFO - Found 60 property listings on page 5
2025-08-12 11:39:35,524 - INFO - Page 5 saved to data/raw/blocket/page5.html
2025-08-12 11:39:36,894 - INFO - Scraping page 6...
2025-08-12 11:39:38,286 - INFO - Found 60 property listings on page 6
2025-08-12 11:39:38,307 - INFO - Page 6 saved to data/raw/blocket/page6.html
2025-08-12 11:39:41,304 - INFO - Scraping page 7...
2025-08-12 11:39:42,855 - INFO - Found 60 property listings on page 7
2025-08-12 11:39:42,878 - INFO - Page 7 saved to data/raw/blocket/page7.html
2025-08-12 11:39:44,534 - INFO - Scraping page 8...
2025-08-12 11:39:46,176 - INFO - Found 60 property listings on page 8
2025-08-12 11:39:46,205 - INFO - Page 8 saved to data/raw/blocket/page8.html
2025-08-12 11:39:48,612 - INFO - Scraping page 9...
2025-08-12 11:39:50,291 - INFO - Found 60 property listings on page 9
2025-08-12 11:39:50,306 - INFO - Page 9 saved to data/raw/blocket/page9.html
2025-08-12 11:39:53,125 - INFO - Scraping page 10...
2025-08-12 11:39:54,771 - INFO - Found 60 property listings on page 10
2025-08-12 11:39:54,796 - INFO - Page 10 saved to data/raw/blocket/page10.html
2025-08-12 11:39:57,398 - INFO - Scraping page 11...
2025-08-12 11:39:59,546 - INFO - Found 60 property listings on page 11
2025-08-12 11:39:59,583 - INFO - Page 11 saved to data/raw/blocket/page11.html
2025-08-12 11:40:00,800 - INFO - Scraping page 12...
2025-08-12 11:40:02,434 - INFO - Found 60 property listings on page 12
2025-08-12 11:40:02,449 - INFO - Page 12 saved to data/raw/blocket/page12.html
2025-08-12 11:40:05,163 - INFO - Scraping page 13...
2025-08-12 11:40:06,789 - INFO - Found 60 property listings on page 13
2025-08-12 11:40:06,807 - INFO - Page 13 saved to data/raw/blocket/page13.html
2025-08-12 11:40:08,912 - INFO - Scraping page 14...
2025-08-12 11:40:11,080 - INFO - Found 60 property listings on page 14
2025-08-12 11:40:11,118 - INFO - Page 14 saved to data/raw/blocket/page14.html
2025-08-12 11:40:12,729 - INFO - Scraping page 15...
2025-08-12 11:40:14,361 - INFO - Found 60 property listings on page 15
2025-08-12 11:40:14,378 - INFO - Page 15 saved to data/raw/blocket/page15.html
2025-08-12 11:40:17,112 - INFO - Scraping page 16...
2025-08-12 11:40:18,505 - INFO - Found 60 property listings on page 16
2025-08-12 11:40:18,531 - INFO - Page 16 saved to data/raw/blocket/page16.html
2025-08-12 11:40:19,628 - INFO - Scraping page 17...
2025-08-12 11:40:21,211 - INFO - Found 60 property listings on page 17
2025-08-12 11:40:21,229 - INFO - Page 17 saved to data/raw/blocket/page17.html
2025-08-12 11:40:23,765 - INFO - Scraping page 18...
2025-08-12 11:40:25,465 - INFO - Found 60 property listings on page 18
2025-08-12 11:40:25,493 - INFO - Page 18 saved to data/raw/blocket/page18.html
2025-08-12 11:40:27,914 - INFO - Scraping page 19...
2025-08-12 11:40:29,992 - INFO - Found 60 property listings on page 19
2025-08-12 11:40:30,027 - INFO - Page 19 saved to data/raw/blocket/page19.html
2025-08-12 11:40:32,120 - INFO - Scraping page 20...
2025-08-12 11:40:34,071 - INFO - Found 60 property listings on page 20
2025-08-12 11:40:34,087 - INFO - Page 20 saved to data/raw/blocket/page20.html
2025-08-12 11:40:35,300 - INFO - Scraping page 21...
2025-08-12 11:40:37,044 - INFO - Found 60 property listings on page 21
2025-08-12 11:40:37,067 - INFO - Page 21 saved to data/raw/blocket/page21.html
2025-08-12 11:40:39,685 - INFO - Scraping page 22...
2025-08-12 11:40:41,681 - INFO - Found 60 property listings on page 22
2025-08-12 11:40:41,716 - INFO - Page 22 saved to data/raw/blocket/page22.html
2025-08-12 11:40:44,532 - INFO - Scraping page 23...
2025-08-12 11:40:45,836 - INFO - Found 60 property listings on page 23
2025-08-12 11:40:45,906 - INFO - Page 23 saved to data/raw/blocket/page23.html
2025-08-12 11:40:47,624 - INFO - Scraping page 24...
2025-08-12 11:40:49,586 - INFO - Found 60 property listings on page 24
2025-08-12 11:40:49,626 - INFO - Page 24 saved to data/raw/blocket/page24.html
2025-08-12 11:40:51,025 - INFO - Scraping page 25...
2025-08-12 11:40:52,824 - INFO - Found 60 property listings on page 25
2025-08-12 11:40:52,838 - INFO - Page 25 saved to data/raw/blocket/page25.html
2025-08-12 11:40:55,126 - INFO - Scraping page 26...
2025-08-12 11:40:56,390 - INFO - Found 6 property listings on page 26
2025-08-12 11:40:56,397 - INFO - Page 26 saved to data/raw/blocket/page26.html
2025-08-12 11:40:56,432 - INFO - Scraping completed. Success: 26, Failed: 0
2025-08-12 11:40:56,432 - INFO - Scraping process completed!
2025-08-13 10:52:46,700 - ERROR - Unexpected error in main: name 'config' is not defined
2025-08-13 10:53:08,249 - INFO - Starting Blocket Bostad scraper...
2025-08-13 10:53:08,249 - INFO - Getting pagination information...
2025-08-13 10:53:11,081 - INFO - Found 4 pages, last page: 26
2025-08-13 10:53:11,109 - INFO - Generating URLs for 26 pages...
2025-08-13 10:53:11,109 - INFO - Generated 26 URLs
2025-08-13 10:53:11,109 - INFO - Starting to scrape 26 pages...
2025-08-13 10:53:11,346 - INFO - Scraping page 1...
2025-08-13 10:53:13,530 - INFO - Found 60 property listings on page 1
2025-08-13 10:53:13,566 - INFO - Page 1 saved to data/raw/blocket/page1.html
2025-08-13 10:53:15,880 - INFO - Scraping page 2...
2025-08-13 10:53:17,629 - INFO - Found 60 property listings on page 2
2025-08-13 10:53:17,705 - INFO - Page 2 saved to data/raw/blocket/page2.html
2025-08-13 10:53:19,787 - INFO - Scraping page 3...
2025-08-13 10:53:21,790 - INFO - Found 60 property listings on page 3
2025-08-13 10:53:21,829 - INFO - Page 3 saved to data/raw/blocket/page3.html
2025-08-13 10:53:23,615 - INFO - Scraping page 4...
2025-08-13 10:53:25,290 - INFO - Found 60 property listings on page 4
2025-08-13 10:53:25,310 - INFO - Page 4 saved to data/raw/blocket/page4.html
2025-08-13 10:53:28,187 - INFO - Scraping page 5...
2025-08-13 10:53:29,848 - INFO - Found 60 property listings on page 5
2025-08-13 10:53:29,865 - INFO - Page 5 saved to data/raw/blocket/page5.html
2025-08-13 10:53:32,246 - INFO - Scraping page 6...
2025-08-13 10:53:34,181 - INFO - Found 60 property listings on page 6
2025-08-13 10:53:34,237 - INFO - Page 6 saved to data/raw/blocket/page6.html
2025-08-13 10:53:36,079 - INFO - Scraping page 7...
2025-08-13 10:53:37,608 - INFO - Found 60 property listings on page 7
2025-08-13 10:53:37,629 - INFO - Page 7 saved to data/raw/blocket/page7.html
2025-08-13 10:53:40,484 - INFO - Scraping page 8...
2025-08-13 10:53:42,109 - INFO - Found 60 property listings on page 8
2025-08-13 10:53:42,127 - INFO - Page 8 saved to data/raw/blocket/page8.html
2025-08-13 10:53:44,837 - INFO - Scraping page 9...
2025-08-13 10:53:46,389 - INFO - Found 60 property listings on page 9
2025-08-13 10:53:46,405 - INFO - Page 9 saved to data/raw/blocket/page9.html
2025-08-13 10:53:49,228 - INFO - Scraping page 10...
2025-08-13 10:53:51,126 - INFO - Found 60 property listings on page 10
2025-08-13 10:53:51,164 - INFO - Page 10 saved to data/raw/blocket/page10.html
2025-08-13 10:53:53,986 - INFO - Scraping page 11...
2025-08-13 10:53:56,118 - INFO - Found 60 property listings on page 11
2025-08-13 10:53:56,156 - INFO - Page 11 saved to data/raw/blocket/page11.html
2025-08-13 10:53:58,608 - INFO - Scraping page 12...
2025-08-13 10:54:00,024 - INFO - Found 60 property listings on page 12
2025-08-13 10:54:00,043 - INFO - Page 12 saved to data/raw/blocket/page12.html
2025-08-13 10:54:01,650 - INFO - Scraping page 13...
2025-08-13 10:54:03,319 - INFO - Found 60 property listings on page 13
2025-08-13 10:54:03,334 - INFO - Page 13 saved to data/raw/blocket/page13.html
2025-08-13 10:54:04,846 - INFO - Scraping page 14...
2025-08-13 10:54:06,545 - INFO - Found 60 property listings on page 14
2025-08-13 10:54:06,568 - INFO - Page 14 saved to data/raw/blocket/page14.html
2025-08-13 10:54:09,176 - INFO - Scraping page 15...
2025-08-13 10:54:10,849 - INFO - Found 60 property listings on page 15
2025-08-13 10:54:10,874 - INFO - Page 15 saved to data/raw/blocket/page15.html
2025-08-13 10:54:13,342 - INFO - Scraping page 16...
2025-08-13 10:54:15,027 - INFO - Found 60 property listings on page 16
2025-08-13 10:54:15,120 - INFO - Page 16 saved to data/raw/blocket/page16.html
2025-08-13 10:54:16,320 - INFO - Scraping page 17...
2025-08-13 10:54:18,213 - INFO - Found 60 property listings on page 17
2025-08-13 10:54:18,237 - INFO - Page 17 saved to data/raw/blocket/page17.html
2025-08-13 10:54:20,425 - INFO - Scraping page 18...
2025-08-13 10:54:22,096 - INFO - Found 60 property listings on page 18
2025-08-13 10:54:22,120 - INFO - Page 18 saved to data/raw/blocket/page18.html
2025-08-13 10:54:24,536 - INFO - Scraping page 19...
2025-08-13 10:54:25,959 - INFO - Found 60 property listings on page 19
2025-08-13 10:54:25,975 - INFO - Page 19 saved to data/raw/blocket/page19.html
2025-08-13 10:54:27,732 - INFO - Scraping page 20...
2025-08-13 10:54:29,391 - INFO - Found 60 property listings on page 20
2025-08-13 10:54:29,408 - INFO - Page 20 saved to data/raw/blocket/page20.html
2025-08-13 10:54:31,513 - INFO - Scraping page 21...
2025-08-13 10:54:33,163 - INFO - Found 60 property listings on page 21
2025-08-13 10:54:33,178 - INFO - Page 21 saved to data/raw/blocket/page21.html
2025-08-13 10:54:34,507 - INFO - Scraping page 22...
2025-08-13 10:54:35,954 - INFO - Found 60 property listings on page 22
2025-08-13 10:54:35,976 - INFO - Page 22 saved to data/raw/blocket/page22.html
2025-08-13 10:54:38,276 - INFO - Scraping page 23...
2025-08-13 10:54:39,878 - INFO - Found 60 property listings on page 23
2025-08-13 10:54:39,898 - INFO - Page 23 saved to data/raw/blocket/page23.html
2025-08-13 10:54:41,988 - INFO - Scraping page 24...
2025-08-13 10:54:43,492 - INFO - Found 60 property listings on page 24
2025-08-13 10:54:43,514 - INFO - Page 24 saved to data/raw/blocket/page24.html
2025-08-13 10:54:44,824 - INFO - Scraping page 25...
2025-08-13 10:54:46,917 - INFO - Found 60 property listings on page 25
2025-08-13 10:54:46,953 - INFO - Page 25 saved to data/raw/blocket/page25.html
2025-08-13 10:54:49,301 - INFO - Scraping page 26...
2025-08-13 10:54:50,384 - INFO - Found 11 property listings on page 26
2025-08-13 10:54:50,392 - INFO - Page 26 saved to data/raw/blocket/page26.html
2025-08-13 10:54:50,428 - INFO - Scraping completed. Success: 26, Failed: 0
2025-08-13 10:54:50,428 - INFO - Scraping process completed!
2025-08-16 09:59:38,311 - INFO - Starting Blocket Bostad scraper...
2025-08-16 09:59:38,311 - INFO - Getting pagination information...
2025-08-16 09:59:41,042 - INFO - Found 4 pages, last page: 26
2025-08-16 09:59:41,072 - INFO - Generating URLs for 26 pages...
2025-08-16 09:59:41,072 - INFO - Generated 26 URLs
2025-08-16 09:59:41,072 - INFO - Starting to scrape 26 pages...
2025-08-16 09:59:41,320 - INFO - Scraping page 1...
2025-08-16 09:59:42,768 - INFO - Found 60 property listings on page 1
2025-08-16 09:59:42,810 - INFO - Page 1 saved to data/raw/blocket/page1.html
2025-08-16 09:59:44,232 - INFO - Scraping page 2...
2025-08-16 09:59:45,863 - INFO - Found 60 property listings on page 2
2025-08-16 09:59:45,878 - INFO - Page 2 saved to data/raw/blocket/page2.html
2025-08-16 09:59:47,721 - INFO - Scraping page 3...
2025-08-16 09:59:49,151 - INFO - Found 60 property listings on page 3
2025-08-16 09:59:49,174 - INFO - Page 3 saved to data/raw/blocket/page3.html
2025-08-16 09:59:51,961 - INFO - Scraping page 4...
2025-08-16 09:59:53,352 - INFO - Found 60 property listings on page 4
2025-08-16 09:59:53,376 - INFO - Page 4 saved to data/raw/blocket/page4.html
2025-08-16 09:59:54,969 - INFO - Scraping page 5...
2025-08-16 09:59:56,716 - INFO - Found 60 property listings on page 5
2025-08-16 09:59:56,730 - INFO - Page 5 saved to data/raw/blocket/page5.html
2025-08-16 09:59:58,274 - INFO - Scraping page 6...
2025-08-16 09:59:59,699 - INFO - Found 60 property listings on page 6
2025-08-16 09:59:59,722 - INFO - Page 6 saved to data/raw/blocket/page6.html
2025-08-16 10:00:02,561 - INFO - Scraping page 7...
2025-08-16 10:00:04,232 - INFO - Found 60 property listings on page 7
2025-08-16 10:00:04,254 - INFO - Page 7 saved to data/raw/blocket/page7.html
2025-08-16 10:00:06,861 - INFO - Scraping page 8...
2025-08-16 10:00:08,465 - INFO - Found 60 property listings on page 8
2025-08-16 10:00:08,561 - INFO - Page 8 saved to data/raw/blocket/page8.html
2025-08-16 10:00:10,582 - INFO - Scraping page 9...
2025-08-16 10:00:12,232 - INFO - Found 60 property listings on page 9
2025-08-16 10:00:12,260 - INFO - Page 9 saved to data/raw/blocket/page9.html
2025-08-16 10:00:14,834 - INFO - Scraping page 10...
2025-08-16 10:00:16,477 - INFO - Found 60 property listings on page 10
2025-08-16 10:00:16,492 - INFO - Page 10 saved to data/raw/blocket/page10.html
2025-08-16 10:00:17,953 - INFO - Scraping page 11...
2025-08-16 10:00:19,327 - INFO - Found 60 property listings on page 11
2025-08-16 10:00:19,364 - INFO - Page 11 saved to data/raw/blocket/page11.html
2025-08-16 10:00:21,302 - INFO - Scraping page 12...
2025-08-16 10:00:22,690 - INFO - Found 60 property listings on page 12
2025-08-16 10:00:22,715 - INFO - Page 12 saved to data/raw/blocket/page12.html
2025-08-16 10:00:24,404 - INFO - Scraping page 13...
2025-08-16 10:00:25,957 - INFO - Found 60 property listings on page 13
2025-08-16 10:00:25,974 - INFO - Page 13 saved to data/raw/blocket/page13.html
2025-08-16 10:00:27,826 - INFO - Scraping page 14...
2025-08-16 10:00:29,490 - INFO - Found 60 property listings on page 14
2025-08-16 10:00:29,505 - INFO - Page 14 saved to data/raw/blocket/page14.html
2025-08-16 10:00:31,967 - INFO - Scraping page 15...
2025-08-16 10:00:33,640 - INFO - Found 60 property listings on page 15
2025-08-16 10:00:33,656 - INFO - Page 15 saved to data/raw/blocket/page15.html
2025-08-16 10:00:36,327 - INFO - Scraping page 16...
2025-08-16 10:00:38,093 - INFO - Found 60 property listings on page 16
2025-08-16 10:00:38,107 - INFO - Page 16 saved to data/raw/blocket/page16.html
2025-08-16 10:00:39,604 - INFO - Scraping page 17...
2025-08-16 10:00:41,049 - INFO - Found 60 property listings on page 17
2025-08-16 10:00:41,074 - INFO - Page 17 saved to data/raw/blocket/page17.html
2025-08-16 10:00:43,793 - INFO - Scraping page 18...
2025-08-16 10:00:45,469 - INFO - Found 60 property listings on page 18
2025-08-16 10:00:45,485 - INFO - Page 18 saved to data/raw/blocket/page18.html
2025-08-16 10:00:46,631 - INFO - Scraping page 19...
2025-08-16 10:00:48,228 - INFO - Found 60 property listings on page 19
2025-08-16 10:00:48,243 - INFO - Page 19 saved to data/raw/blocket/page19.html
2025-08-16 10:00:51,186 - INFO - Scraping page 20...
2025-08-16 10:00:52,797 - INFO - Found 60 property listings on page 20
2025-08-16 10:00:52,813 - INFO - Page 20 saved to data/raw/blocket/page20.html
2025-08-16 10:00:53,868 - INFO - Scraping page 21...
2025-08-16 10:00:55,541 - INFO - Found 60 property listings on page 21
2025-08-16 10:00:55,556 - INFO - Page 21 saved to data/raw/blocket/page21.html
2025-08-16 10:00:56,954 - INFO - Scraping page 22...
2025-08-16 10:00:58,424 - INFO - Found 60 property listings on page 22
2025-08-16 10:00:58,452 - INFO - Page 22 saved to data/raw/blocket/page22.html
2025-08-16 10:01:01,426 - INFO - Scraping page 23...
2025-08-16 10:01:03,129 - INFO - Found 60 property listings on page 23
2025-08-16 10:01:03,150 - INFO - Page 23 saved to data/raw/blocket/page23.html
2025-08-16 10:01:04,580 - INFO - Scraping page 24...
2025-08-16 10:01:05,954 - INFO - Found 60 property listings on page 24
2025-08-16 10:01:05,974 - INFO - Page 24 saved to data/raw/blocket/page24.html
2025-08-16 10:01:07,502 - INFO - Scraping page 25...
2025-08-16 10:01:09,223 - INFO - Found 60 property listings on page 25
2025-08-16 10:01:09,237 - INFO - Page 25 saved to data/raw/blocket/page25.html
2025-08-16 10:01:11,924 - INFO - Scraping page 26...
2025-08-16 10:01:13,075 - INFO - Found 9 property listings on page 26
2025-08-16 10:01:13,082 - INFO - Page 26 saved to data/raw/blocket/page26.html
2025-08-16 10:01:13,116 - INFO - Scraping completed. Success: 26, Failed: 0
2025-08-16 10:01:13,116 - INFO - Scraping process completed!
2025-08-16 11:16:33,867 - INFO - Starting Blocket Bostad scraper...
2025-08-16 11:16:33,867 - INFO - Getting pagination information...
2025-08-16 11:16:35,887 - INFO - Found 4 pages, last page: 26
2025-08-16 11:16:35,909 - INFO - Generating URLs for 26 pages...
2025-08-16 11:16:35,909 - INFO - Generated 26 URLs
2025-08-16 11:16:35,909 - INFO - Starting to scrape 26 pages...
2025-08-16 11:16:36,161 - INFO - Scraping page 1...
2025-08-16 11:16:37,845 - INFO - Found 60 property listings on page 1
2025-08-16 11:16:37,862 - INFO - Page 1 saved to data/raw/blocket/page1.html
2025-08-16 11:16:38,948 - INFO - Scraping page 2...
2025-08-16 11:16:40,539 - INFO - Found 60 property listings on page 2
2025-08-16 11:16:40,554 - INFO - Page 2 saved to data/raw/blocket/page2.html
2025-08-16 11:16:43,289 - INFO - Scraping page 3...
2025-08-16 11:16:44,950 - INFO - Found 60 property listings on page 3
2025-08-16 11:16:44,966 - INFO - Page 3 saved to data/raw/blocket/page3.html
2025-08-16 11:16:46,230 - INFO - Scraping page 4...
2025-08-16 11:16:47,878 - INFO - Found 60 property listings on page 4
2025-08-16 11:16:47,893 - INFO - Page 4 saved to data/raw/blocket/page4.html
2025-08-16 11:16:48,931 - INFO - Scraping page 5...
2025-08-16 11:16:50,556 - INFO - Found 60 property listings on page 5
2025-08-16 11:16:50,572 - INFO - Page 5 saved to data/raw/blocket/page5.html
2025-08-16 11:16:52,364 - INFO - Scraping page 6...
2025-08-16 11:16:53,698 - INFO - Found 60 property listings on page 6
2025-08-16 11:16:53,723 - INFO - Page 6 saved to data/raw/blocket/page6.html
2025-08-16 11:16:56,192 - INFO - Scraping page 7...
2025-08-16 11:16:57,832 - INFO - Found 60 property listings on page 7
2025-08-16 11:16:57,854 - INFO - Page 7 saved to data/raw/blocket/page7.html
2025-08-16 11:16:59,556 - INFO - Scraping page 8...
2025-08-16 11:17:01,013 - INFO - Found 60 property listings on page 8
2025-08-16 11:17:01,035 - INFO - Page 8 saved to data/raw/blocket/page8.html
2025-08-16 11:17:03,272 - INFO - Scraping page 9...
2025-08-16 11:17:04,930 - INFO - Found 60 property listings on page 9
2025-08-16 11:17:04,946 - INFO - Page 9 saved to data/raw/blocket/page9.html
2025-08-16 11:17:06,584 - INFO - Scraping page 10...
2025-08-16 11:17:08,232 - INFO - Found 60 property listings on page 10
2025-08-16 11:17:08,247 - INFO - Page 10 saved to data/raw/blocket/page10.html
2025-08-16 11:17:10,731 - INFO - Scraping page 11...
2025-08-16 11:17:12,262 - INFO - Found 60 property listings on page 11
2025-08-16 11:17:12,290 - INFO - Page 11 saved to data/raw/blocket/page11.html
2025-08-16 11:17:13,987 - INFO - Scraping page 12...
2025-08-16 11:17:15,634 - INFO - Found 60 property listings on page 12
2025-08-16 11:17:15,666 - INFO - Page 12 saved to data/raw/blocket/page12.html
2025-08-16 11:17:18,265 - INFO - Scraping page 13...
2025-08-16 11:17:19,588 - INFO - Found 60 property listings on page 13
2025-08-16 11:17:19,630 - INFO - Page 13 saved to data/raw/blocket/page13.html
2025-08-16 11:17:22,302 - INFO - Scraping page 14...
2025-08-16 11:17:23,721 - INFO - Found 60 property listings on page 14
2025-08-16 11:17:23,745 - INFO - Page 14 saved to data/raw/blocket/page14.html
2025-08-16 11:17:25,278 - INFO - Scraping page 15...
2025-08-16 11:17:26,634 - INFO - Found 60 property listings on page 15
2025-08-16 11:17:26,664 - INFO - Page 15 saved to data/raw/blocket/page15.html
2025-08-16 11:17:29,644 - INFO - Scraping page 16...
2025-08-16 11:17:31,220 - INFO - Found 60 property listings on page 16
2025-08-16 11:17:31,235 - INFO - Page 16 saved to data/raw/blocket/page16.html
2025-08-16 11:17:33,315 - INFO - Scraping page 17...
2025-08-16 11:17:34,993 - INFO - Found 60 property listings on page 17
2025-08-16 11:17:35,008 - INFO - Page 17 saved to data/raw/blocket/page17.html
2025-08-16 11:17:37,322 - INFO - Scraping page 18...
2025-08-16 11:17:38,998 - INFO - Found 60 property listings on page 18
2025-08-16 11:17:39,021 - INFO - Page 18 saved to data/raw/blocket/page18.html
2025-08-16 11:17:40,954 - INFO - Scraping page 19...
2025-08-16 11:17:42,674 - INFO - Found 60 property listings on page 19
2025-08-16 11:17:42,690 - INFO - Page 19 saved to data/raw/blocket/page19.html
2025-08-16 11:17:43,786 - INFO - Scraping page 20...
2025-08-16 11:17:45,409 - INFO - Found 60 property listings on page 20
2025-08-16 11:17:45,427 - INFO - Page 20 saved to data/raw/blocket/page20.html
2025-08-16 11:17:46,742 - INFO - Scraping page 21...
2025-08-16 11:17:48,306 - INFO - Found 60 property listings on page 21
2025-08-16 11:17:48,322 - INFO - Page 21 saved to data/raw/blocket/page21.html
2025-08-16 11:17:50,033 - INFO - Scraping page 22...
2025-08-16 11:17:51,399 - INFO - Found 60 property listings on page 22
2025-08-16 11:17:51,427 - INFO - Page 22 saved to data/raw/blocket/page22.html
2025-08-16 11:17:54,067 - INFO - Scraping page 23...
2025-08-16 11:17:55,691 - INFO - Found 60 property listings on page 23
2025-08-16 11:17:55,706 - INFO - Page 23 saved to data/raw/blocket/page23.html
2025-08-16 11:17:57,314 - INFO - Scraping page 24...
2025-08-16 11:17:58,940 - INFO - Found 60 property listings on page 24
2025-08-16 11:17:58,957 - INFO - Page 24 saved to data/raw/blocket/page24.html
2025-08-16 11:18:00,537 - INFO - Scraping page 25...
2025-08-16 11:18:02,311 - INFO - Found 60 property listings on page 25
2025-08-16 11:18:02,327 - INFO - Page 25 saved to data/raw/blocket/page25.html
2025-08-16 11:18:04,656 - INFO - Scraping page 26...
2025-08-16 11:18:05,770 - INFO - Found 12 property listings on page 26
2025-08-16 11:18:05,780 - INFO - Page 26 saved to data/raw/blocket/page26.html
2025-08-16 11:18:05,818 - INFO - Scraping completed. Success: 26, Failed: 0
2025-08-16 11:18:05,818 - INFO - Scraping process completed!
2025-08-17 13:53:55,004 - INFO - Starting Blocket Bostad scraper...
2025-08-17 13:53:55,004 - INFO - Getting pagination information...
2025-08-17 13:53:57,682 - INFO - Found 4 pages, last page: 26
2025-08-17 13:53:57,710 - INFO - Generating URLs for 26 pages...
2025-08-17 13:53:57,711 - INFO - Generated 26 URLs
2025-08-17 13:53:57,711 - INFO - Starting to scrape 26 pages...
2025-08-17 13:53:57,964 - INFO - Scraping page 1...
2025-08-17 13:53:59,607 - INFO - Found 60 property listings on page 1
2025-08-17 13:53:59,621 - INFO - Page 1 saved to data/raw/blocket/page1.html
2025-08-17 13:54:01,925 - INFO - Scraping page 2...
2025-08-17 13:54:03,479 - INFO - Found 60 property listings on page 2
2025-08-17 13:54:03,497 - INFO - Page 2 saved to data/raw/blocket/page2.html
2025-08-17 13:54:04,937 - INFO - Scraping page 3...
2025-08-17 13:54:06,284 - INFO - Found 60 property listings on page 3
2025-08-17 13:54:06,310 - INFO - Page 3 saved to data/raw/blocket/page3.html
2025-08-17 13:54:08,302 - INFO - Scraping page 4...
2025-08-17 13:54:09,750 - INFO - Found 60 property listings on page 4
2025-08-17 13:54:09,777 - INFO - Page 4 saved to data/raw/blocket/page4.html
2025-08-17 13:54:11,904 - INFO - Scraping page 5...
2025-08-17 13:54:13,549 - INFO - Found 60 property listings on page 5
2025-08-17 13:54:13,569 - INFO - Page 5 saved to data/raw/blocket/page5.html
2025-08-17 13:54:15,352 - INFO - Scraping page 6...
2025-08-17 13:54:17,088 - INFO - Found 60 property listings on page 6
2025-08-17 13:54:17,101 - INFO - Page 6 saved to data/raw/blocket/page6.html
2025-08-17 13:54:19,973 - INFO - Scraping page 7...
2025-08-17 13:54:21,629 - INFO - Found 60 property listings on page 7
2025-08-17 13:54:21,645 - INFO - Page 7 saved to data/raw/blocket/page7.html
2025-08-17 13:54:23,592 - INFO - Scraping page 8...
2025-08-17 13:54:25,214 - INFO - Found 60 property listings on page 8
2025-08-17 13:54:25,234 - INFO - Page 8 saved to data/raw/blocket/page8.html
2025-08-17 13:54:26,501 - INFO - Scraping page 9...
2025-08-17 13:54:28,356 - INFO - Found 60 property listings on page 9
2025-08-17 13:54:28,372 - INFO - Page 9 saved to data/raw/blocket/page9.html
2025-08-17 13:54:29,607 - INFO - Scraping page 10...
2025-08-17 13:54:31,311 - INFO - Found 60 property listings on page 10
2025-08-17 13:54:31,327 - INFO - Page 10 saved to data/raw/blocket/page10.html
2025-08-17 13:54:33,651 - INFO - Scraping page 11...
2025-08-17 13:54:35,307 - INFO - Found 60 property listings on page 11
2025-08-17 13:54:35,329 - INFO - Page 11 saved to data/raw/blocket/page11.html
2025-08-17 13:54:37,447 - INFO - Scraping page 12...
2025-08-17 13:54:38,853 - INFO - Found 60 property listings on page 12
2025-08-17 13:54:38,879 - INFO - Page 12 saved to data/raw/blocket/page12.html
2025-08-17 13:54:41,321 - INFO - Scraping page 13...
2025-08-17 13:54:42,997 - INFO - Found 60 property listings on page 13
2025-08-17 13:54:43,020 - INFO - Page 13 saved to data/raw/blocket/page13.html
2025-08-17 13:54:45,580 - INFO - Scraping page 14...
2025-08-17 13:54:46,992 - INFO - Found 60 property listings on page 14
2025-08-17 13:54:47,022 - INFO - Page 14 saved to data/raw/blocket/page14.html
2025-08-17 13:54:49,552 - INFO - Scraping page 15...
2025-08-17 13:54:51,189 - INFO - Found 60 property listings on page 15
2025-08-17 13:54:51,204 - INFO - Page 15 saved to data/raw/blocket/page15.html
2025-08-17 13:54:52,632 - INFO - Scraping page 16...
2025-08-17 13:54:54,343 - INFO - Found 60 property listings on page 16
2025-08-17 13:54:54,357 - INFO - Page 16 saved to data/raw/blocket/page16.html
2025-08-17 13:54:56,304 - INFO - Scraping page 17...
2025-08-17 13:54:57,660 - INFO - Found 60 property listings on page 17
2025-08-17 13:54:57,683 - INFO - Page 17 saved to data/raw/blocket/page17.html
2025-08-17 13:54:59,030 - INFO - Scraping page 18...
2025-08-17 13:55:00,792 - INFO - Found 60 property listings on page 18
2025-08-17 13:55:00,833 - INFO - Page 18 saved to data/raw/blocket/page18.html
2025-08-17 13:55:02,621 - INFO - Scraping page 19...
2025-08-17 13:55:04,712 - INFO - Found 60 property listings on page 19
2025-08-17 13:55:04,750 - INFO - Page 19 saved to data/raw/blocket/page19.html
2025-08-17 13:55:07,214 - INFO - Scraping page 20...
2025-08-17 13:55:08,872 - INFO - Found 60 property listings on page 20
2025-08-17 13:55:08,897 - INFO - Page 20 saved to data/raw/blocket/page20.html
2025-08-17 13:55:10,795 - INFO - Scraping page 21...
2025-08-17 13:55:12,495 - INFO - Found 60 property listings on page 21
2025-08-17 13:55:12,518 - INFO - Page 21 saved to data/raw/blocket/page21.html
2025-08-17 13:55:15,139 - INFO - Scraping page 22...
2025-08-17 13:55:16,779 - INFO - Found 60 property listings on page 22
2025-08-17 13:55:16,801 - INFO - Page 22 saved to data/raw/blocket/page22.html
2025-08-17 13:55:19,591 - INFO - Scraping page 23...
2025-08-17 13:55:21,009 - INFO - Found 60 property listings on page 23
2025-08-17 13:55:21,031 - INFO - Page 23 saved to data/raw/blocket/page23.html
2025-08-17 13:55:22,724 - INFO - Scraping page 24...
2025-08-17 13:55:24,108 - INFO - Found 60 property listings on page 24
2025-08-17 13:55:24,132 - INFO - Page 24 saved to data/raw/blocket/page24.html
2025-08-17 13:55:26,663 - INFO - Scraping page 25...
2025-08-17 13:55:28,624 - INFO - Found 60 property listings on page 25
2025-08-17 13:55:28,673 - INFO - Page 25 saved to data/raw/blocket/page25.html
2025-08-17 13:55:30,184 - INFO - Scraping page 26...
2025-08-17 13:55:31,450 - INFO - Found 12 property listings on page 26
2025-08-17 13:55:31,466 - INFO - Page 26 saved to data/raw/blocket/page26.html
2025-08-17 13:55:31,514 - INFO - Scraping completed. Success: 26, Failed: 0
2025-08-17 13:55:31,514 - INFO - Scraping process completed!
2025-08-17 13:59:54,106 - INFO - Starting Blocket Bostad scraper...
2025-08-17 13:59:54,106 - INFO - Getting pagination information...
2025-08-17 13:59:56,280 - INFO - Found 4 pages, last page: 26
2025-08-17 13:59:56,315 - INFO - Generating URLs for 26 pages...
2025-08-17 13:59:56,315 - INFO - Generated 26 URLs
2025-08-17 13:59:56,315 - INFO - Starting to scrape 26 pages...
2025-08-17 13:59:56,568 - INFO - Scraping page 1...
2025-08-17 13:59:57,972 - INFO - Found 60 property listings on page 1
2025-08-17 13:59:57,995 - INFO - Page 1 saved to data/raw/blocket/page1.html
2025-08-17 14:00:00,540 - INFO - Scraping page 2...
2025-08-17 14:00:02,180 - INFO - Found 60 property listings on page 2
2025-08-17 14:00:02,197 - INFO - Page 2 saved to data/raw/blocket/page2.html
2025-08-17 14:00:03,614 - INFO - Scraping page 3...
2025-08-17 14:00:05,239 - INFO - Found 60 property listings on page 3
2025-08-17 14:00:05,254 - INFO - Page 3 saved to data/raw/blocket/page3.html
2025-08-17 14:00:07,609 - INFO - Scraping page 4...
2025-08-17 14:00:09,231 - INFO - Found 60 property listings on page 4
2025-08-17 14:00:09,247 - INFO - Page 4 saved to data/raw/blocket/page4.html
2025-08-17 14:00:11,637 - INFO - Scraping page 5...
2025-08-17 14:00:13,169 - INFO - Found 60 property listings on page 5
2025-08-17 14:00:13,184 - INFO - Page 5 saved to data/raw/blocket/page5.html
2025-08-17 14:00:14,974 - INFO - Scraping page 6...
2025-08-17 14:00:17,117 - INFO - Found 60 property listings on page 6
2025-08-17 14:00:17,160 - INFO - Page 6 saved to data/raw/blocket/page6.html
2025-08-17 14:00:20,122 - INFO - Scraping page 7...
2025-08-17 14:00:21,814 - INFO - Found 60 property listings on page 7
2025-08-17 14:00:21,829 - INFO - Page 7 saved to data/raw/blocket/page7.html
2025-08-17 14:00:22,838 - INFO - Scraping page 8...
2025-08-17 14:00:24,433 - INFO - Found 60 property listings on page 8
2025-08-17 14:00:24,455 - INFO - Page 8 saved to data/raw/blocket/page8.html
2025-08-17 14:00:25,967 - INFO - Scraping page 9...
2025-08-17 14:00:27,375 - INFO - Found 60 property listings on page 9
2025-08-17 14:00:27,405 - INFO - Page 9 saved to data/raw/blocket/page9.html
2025-08-17 14:00:29,939 - INFO - Scraping page 10...
2025-08-17 14:00:31,945 - INFO - Found 60 property listings on page 10
2025-08-17 14:00:31,987 - INFO - Page 10 saved to data/raw/blocket/page10.html
2025-08-17 14:00:33,570 - INFO - Scraping page 11...
2025-08-17 14:00:35,182 - INFO - Found 60 property listings on page 11
2025-08-17 14:00:35,204 - INFO - Page 11 saved to data/raw/blocket/page11.html
2025-08-17 14:00:37,903 - INFO - Scraping page 12...
2025-08-17 14:00:39,447 - INFO - Found 60 property listings on page 12
2025-08-17 14:00:39,470 - INFO - Page 12 saved to data/raw/blocket/page12.html
2025-08-17 14:00:41,916 - INFO - Scraping page 13...
2025-08-17 14:00:43,615 - INFO - Found 60 property listings on page 13
2025-08-17 14:00:43,632 - INFO - Page 13 saved to data/raw/blocket/page13.html
2025-08-17 14:00:46,148 - INFO - Scraping page 14...
2025-08-17 14:00:47,695 - INFO - Found 60 property listings on page 14
2025-08-17 14:00:47,719 - INFO - Page 14 saved to data/raw/blocket/page14.html
2025-08-17 14:00:49,477 - INFO - Scraping page 15...
2025-08-17 14:00:51,694 - INFO - Found 60 property listings on page 15
2025-08-17 14:00:51,746 - INFO - Page 15 saved to data/raw/blocket/page15.html
2025-08-17 14:00:54,344 - INFO - Scraping page 16...
2025-08-17 14:00:55,997 - INFO - Found 60 property listings on page 16
2025-08-17 14:00:56,018 - INFO - Page 16 saved to data/raw/blocket/page16.html
2025-08-17 14:00:58,307 - INFO - Scraping page 17...
2025-08-17 14:00:59,950 - INFO - Found 60 property listings on page 17
2025-08-17 14:00:59,965 - INFO - Page 17 saved to data/raw/blocket/page17.html
2025-08-17 14:01:02,679 - INFO - Scraping page 18...
2025-08-17 14:01:04,267 - INFO - Found 60 property listings on page 18
2025-08-17 14:01:04,284 - INFO - Page 18 saved to data/raw/blocket/page18.html
2025-08-17 14:01:07,106 - INFO - Scraping page 19...
2025-08-17 14:01:08,674 - INFO - Found 60 property listings on page 19
2025-08-17 14:01:08,690 - INFO - Page 19 saved to data/raw/blocket/page19.html
2025-08-17 14:01:09,879 - INFO - Scraping page 20...
2025-08-17 14:01:11,456 - INFO - Found 60 property listings on page 20
2025-08-17 14:01:11,472 - INFO - Page 20 saved to data/raw/blocket/page20.html
2025-08-17 14:01:14,177 - INFO - Scraping page 21...
2025-08-17 14:01:15,796 - INFO - Found 60 property listings on page 21
2025-08-17 14:01:15,821 - INFO - Page 21 saved to data/raw/blocket/page21.html
2025-08-17 14:01:18,416 - INFO - Scraping page 22...
2025-08-17 14:01:20,163 - INFO - Found 60 property listings on page 22
2025-08-17 14:01:20,185 - INFO - Page 22 saved to data/raw/blocket/page22.html
2025-08-17 14:01:21,640 - INFO - Scraping page 23...
2025-08-17 14:01:23,247 - INFO - Found 60 property listings on page 23
2025-08-17 14:01:23,271 - INFO - Page 23 saved to data/raw/blocket/page23.html
2025-08-17 14:01:25,439 - INFO - Scraping page 24...
2025-08-17 14:01:27,042 - INFO - Found 60 property listings on page 24
2025-08-17 14:01:27,064 - INFO - Page 24 saved to data/raw/blocket/page24.html
2025-08-17 14:01:29,983 - INFO - Scraping page 25...
2025-08-17 14:01:31,481 - INFO - Found 60 property listings on page 25
2025-08-17 14:01:31,500 - INFO - Page 25 saved to data/raw/blocket/page25.html
2025-08-17 14:01:32,784 - INFO - Scraping page 26...
2025-08-17 14:01:34,629 - INFO - Found 12 property listings on page 26
2025-08-17 14:01:34,657 - INFO - Page 26 saved to data/raw/blocket/page26.html
2025-08-17 14:01:34,702 - INFO - Scraping completed. Success: 26, Failed: 0
2025-08-17 14:01:34,702 - INFO - Scraping process completed!
2025-08-17 14:05:50,115 - INFO - Starting Blocket Bostad scraper...
2025-08-17 14:05:50,116 - INFO - Getting pagination information...
2025-08-17 14:05:51,763 - INFO - Found 4 pages, last page: 26
2025-08-17 14:05:51,792 - INFO - Generating URLs for 26 pages...
2025-08-17 14:05:51,792 - INFO - Generated 26 URLs
2025-08-17 14:05:51,792 - INFO - Starting to scrape 26 pages...
2025-08-17 14:05:52,040 - INFO - Scraping page 1...
2025-08-17 14:05:53,788 - INFO - Found 60 property listings on page 1
2025-08-17 14:05:53,810 - INFO - Page 1 saved to data/raw/blocket/page1.html
2025-08-17 14:05:56,170 - INFO - Scraping page 2...
2025-08-17 14:05:57,665 - INFO - Found 60 property listings on page 2
2025-08-17 14:05:57,691 - INFO - Page 2 saved to data/raw/blocket/page2.html
2025-08-17 14:05:59,589 - INFO - Scraping page 3...
2025-08-17 14:06:00,883 - INFO - Found 60 property listings on page 3
2025-08-17 14:06:00,899 - INFO - Page 3 saved to data/raw/blocket/page3.html
2025-08-17 14:06:03,845 - INFO - Scraping page 4...
2025-08-17 14:06:05,561 - INFO - Found 60 property listings on page 4
2025-08-17 14:06:05,576 - INFO - Page 4 saved to data/raw/blocket/page4.html
2025-08-17 14:06:06,667 - INFO - Scraping page 5...
2025-08-17 14:06:08,011 - INFO - Found 60 property listings on page 5
2025-08-17 14:06:08,037 - INFO - Page 5 saved to data/raw/blocket/page5.html
2025-08-17 14:06:09,495 - INFO - Scraping page 6...
2025-08-17 14:06:11,175 - INFO - Found 60 property listings on page 6
2025-08-17 14:06:11,190 - INFO - Page 6 saved to data/raw/blocket/page6.html
2025-08-17 14:06:13,008 - INFO - Scraping page 7...
2025-08-17 14:06:14,729 - INFO - Found 60 property listings on page 7
2025-08-17 14:06:14,745 - INFO - Page 7 saved to data/raw/blocket/page7.html
2025-08-17 14:06:16,683 - INFO - Scraping page 8...
2025-08-17 14:06:18,420 - INFO - Found 60 property listings on page 8
2025-08-17 14:06:18,489 - INFO - Page 8 saved to data/raw/blocket/page8.html
2025-08-17 14:06:21,278 - INFO - Scraping page 9...
2025-08-17 14:06:22,894 - INFO - Found 60 property listings on page 9
2025-08-17 14:06:22,919 - INFO - Page 9 saved to data/raw/blocket/page9.html
2025-08-17 14:06:25,141 - INFO - Scraping page 10...
2025-08-17 14:06:26,849 - INFO - Found 60 property listings on page 10
2025-08-17 14:06:26,865 - INFO - Page 10 saved to data/raw/blocket/page10.html
2025-08-17 14:06:28,680 - INFO - Scraping page 11...
2025-08-17 14:06:30,285 - INFO - Found 60 property listings on page 11
2025-08-17 14:06:30,308 - INFO - Page 11 saved to data/raw/blocket/page11.html
2025-08-17 14:06:32,704 - INFO - Scraping page 12...
2025-08-17 14:06:34,334 - INFO - Found 60 property listings on page 12
2025-08-17 14:06:34,350 - INFO - Page 12 saved to data/raw/blocket/page12.html
2025-08-17 14:06:37,318 - INFO - Scraping page 13...
2025-08-17 14:06:38,929 - INFO - Found 60 property listings on page 13
2025-08-17 14:06:38,944 - INFO - Page 13 saved to data/raw/blocket/page13.html
2025-08-17 14:06:41,294 - INFO - Scraping page 14...
2025-08-17 14:06:42,864 - INFO - Found 60 property listings on page 14
2025-08-17 14:06:42,878 - INFO - Page 14 saved to data/raw/blocket/page14.html
2025-08-17 14:06:45,509 - INFO - Scraping page 15...
2025-08-17 14:06:47,148 - INFO - Found 60 property listings on page 15
2025-08-17 14:06:47,164 - INFO - Page 15 saved to data/raw/blocket/page15.html
2025-08-17 14:06:50,129 - INFO - Scraping page 16...
2025-08-17 14:06:51,758 - INFO - Found 60 property listings on page 16
2025-08-17 14:06:51,774 - INFO - Page 16 saved to data/raw/blocket/page16.html
2025-08-17 14:06:53,258 - INFO - Scraping page 17...
2025-08-17 14:06:54,618 - INFO - Found 60 property listings on page 17
2025-08-17 14:06:54,675 - INFO - Page 17 saved to data/raw/blocket/page17.html
2025-08-17 14:06:56,658 - INFO - Scraping page 18...
2025-08-17 14:06:58,073 - INFO - Found 60 property listings on page 18
2025-08-17 14:06:58,114 - INFO - Page 18 saved to data/raw/blocket/page18.html
2025-08-17 14:07:00,782 - INFO - Scraping page 19...
2025-08-17 14:07:02,415 - INFO - Found 60 property listings on page 19
2025-08-17 14:07:02,438 - INFO - Page 19 saved to data/raw/blocket/page19.html
2025-08-17 14:07:05,203 - INFO - Scraping page 20...
2025-08-17 14:07:06,522 - INFO - Found 60 property listings on page 20
2025-08-17 14:07:06,546 - INFO - Page 20 saved to data/raw/blocket/page20.html
2025-08-17 14:07:09,248 - INFO - Scraping page 21...
2025-08-17 14:07:10,775 - INFO - Found 60 property listings on page 21
2025-08-17 14:07:10,791 - INFO - Page 21 saved to data/raw/blocket/page21.html
2025-08-17 14:07:12,956 - INFO - Scraping page 22...
2025-08-17 14:07:14,463 - INFO - Found 60 property listings on page 22
2025-08-17 14:07:14,482 - INFO - Page 22 saved to data/raw/blocket/page22.html
2025-08-17 14:07:16,882 - INFO - Scraping page 23...
2025-08-17 14:07:18,455 - INFO - Found 60 property listings on page 23
2025-08-17 14:07:18,469 - INFO - Page 23 saved to data/raw/blocket/page23.html
2025-08-17 14:07:19,520 - INFO - Scraping page 24...
2025-08-17 14:07:21,109 - INFO - Found 60 property listings on page 24
2025-08-17 14:07:21,123 - INFO - Page 24 saved to data/raw/blocket/page24.html
2025-08-17 14:07:22,141 - INFO - Scraping page 25...
2025-08-17 14:07:23,802 - INFO - Found 60 property listings on page 25
2025-08-17 14:07:23,817 - INFO - Page 25 saved to data/raw/blocket/page25.html
2025-08-17 14:07:24,828 - INFO - Scraping page 26...
2025-08-17 14:07:25,924 - INFO - Found 12 property listings on page 26
2025-08-17 14:07:25,944 - INFO - Page 26 saved to data/raw/blocket/page26.html
2025-08-17 14:07:25,988 - INFO - Scraping completed. Success: 26, Failed: 0
2025-08-17 14:07:25,988 - INFO - Scraping process completed!
2025-08-17 14:45:52,528 - INFO - Starting Blocket Bostad scraper...
2025-08-17 14:45:52,528 - INFO - Getting pagination information...
2025-08-17 14:45:54,585 - INFO - Found 4 pages, last page: 26
2025-08-17 14:45:54,612 - INFO - Generating URLs for 26 pages...
2025-08-17 14:45:54,612 - INFO - Generated 26 URLs
2025-08-17 14:45:54,612 - INFO - Starting to scrape 26 pages...
2025-08-17 14:45:54,857 - INFO - Scraping page 1...
2025-08-17 14:45:56,587 - INFO - Found 60 property listings on page 1
2025-08-17 14:45:56,602 - INFO - Page 1 saved to data/raw/blocket/page1.html
2025-08-17 14:45:58,774 - INFO - Scraping page 2...
2025-08-17 14:46:00,144 - INFO - Found 60 property listings on page 2
2025-08-17 14:46:00,171 - INFO - Page 2 saved to data/raw/blocket/page2.html
2025-08-17 14:46:02,824 - INFO - Scraping page 3...
2025-08-17 14:46:04,498 - INFO - Found 60 property listings on page 3
2025-08-17 14:46:04,514 - INFO - Page 3 saved to data/raw/blocket/page3.html
2025-08-17 14:46:07,473 - INFO - Scraping page 4...
2025-08-17 14:46:09,133 - INFO - Found 60 property listings on page 4
2025-08-17 14:46:09,150 - INFO - Page 4 saved to data/raw/blocket/page4.html
2025-08-17 14:46:10,704 - INFO - Scraping page 5...
2025-08-17 14:46:12,298 - INFO - Found 60 property listings on page 5
2025-08-17 14:46:12,314 - INFO - Page 5 saved to data/raw/blocket/page5.html
2025-08-17 14:46:14,243 - INFO - Scraping page 6...
2025-08-17 14:46:15,643 - INFO - Found 60 property listings on page 6
2025-08-17 14:46:15,670 - INFO - Page 6 saved to data/raw/blocket/page6.html
2025-08-17 14:46:18,580 - INFO - Scraping page 7...
2025-08-17 14:46:20,196 - INFO - Found 60 property listings on page 7
2025-08-17 14:46:20,213 - INFO - Page 7 saved to data/raw/blocket/page7.html
2025-08-17 14:46:21,830 - INFO - Scraping page 8...
2025-08-17 14:46:23,472 - INFO - Found 60 property listings on page 8
2025-08-17 14:46:23,486 - INFO - Page 8 saved to data/raw/blocket/page8.html
2025-08-17 14:46:25,267 - INFO - Scraping page 9...
2025-08-17 14:46:26,775 - INFO - Found 60 property listings on page 9
2025-08-17 14:46:26,804 - INFO - Page 9 saved to data/raw/blocket/page9.html
2025-08-17 14:46:29,468 - INFO - Scraping page 10...
2025-08-17 14:46:31,164 - INFO - Found 60 property listings on page 10
2025-08-17 14:46:31,179 - INFO - Page 10 saved to data/raw/blocket/page10.html
2025-08-17 14:46:33,527 - INFO - Scraping page 11...
2025-08-17 14:46:35,234 - INFO - Found 60 property listings on page 11
2025-08-17 14:46:35,249 - INFO - Page 11 saved to data/raw/blocket/page11.html
2025-08-17 14:46:36,929 - INFO - Scraping page 12...
2025-08-17 14:46:38,248 - INFO - Found 60 property listings on page 12
2025-08-17 14:46:38,280 - INFO - Page 12 saved to data/raw/blocket/page12.html
2025-08-17 14:46:39,835 - INFO - Scraping page 13...
2025-08-17 14:46:41,899 - INFO - Found 60 property listings on page 13
2025-08-17 14:46:41,935 - INFO - Page 13 saved to data/raw/blocket/page13.html
2025-08-17 14:46:44,764 - INFO - Scraping page 14...
2025-08-17 14:46:46,367 - INFO - Found 60 property listings on page 14
2025-08-17 14:46:46,386 - INFO - Page 14 saved to data/raw/blocket/page14.html
2025-08-17 14:46:49,050 - INFO - Scraping page 15...
2025-08-17 14:46:50,634 - INFO - Found 60 property listings on page 15
2025-08-17 14:46:50,651 - INFO - Page 15 saved to data/raw/blocket/page15.html
2025-08-17 14:46:53,366 - INFO - Scraping page 16...
2025-08-17 14:46:54,752 - INFO - Found 60 property listings on page 16
2025-08-17 14:46:54,778 - INFO - Page 16 saved to data/raw/blocket/page16.html
2025-08-17 14:46:56,048 - INFO - Scraping page 17...
2025-08-17 14:46:57,723 - INFO - Found 60 property listings on page 17
2025-08-17 14:46:57,738 - INFO - Page 17 saved to data/raw/blocket/page17.html
2025-08-17 14:47:00,217 - INFO - Scraping page 18...
2025-08-17 14:47:01,936 - INFO - Found 60 property listings on page 18
2025-08-17 14:47:02,009 - INFO - Page 18 saved to data/raw/blocket/page18.html
2025-08-17 14:47:04,795 - INFO - Scraping page 19...
2025-08-17 14:47:06,399 - INFO - Found 60 property listings on page 19
2025-08-17 14:47:06,415 - INFO - Page 19 saved to data/raw/blocket/page19.html
2025-08-17 14:47:08,736 - INFO - Scraping page 20...
2025-08-17 14:47:10,356 - INFO - Found 60 property listings on page 20
2025-08-17 14:47:10,377 - INFO - Page 20 saved to data/raw/blocket/page20.html
2025-08-17 14:47:12,071 - INFO - Scraping page 21...
2025-08-17 14:47:13,788 - INFO - Found 60 property listings on page 21
2025-08-17 14:47:13,809 - INFO - Page 21 saved to data/raw/blocket/page21.html
2025-08-17 14:47:15,713 - INFO - Scraping page 22...
2025-08-17 14:47:17,381 - INFO - Found 60 property listings on page 22
2025-08-17 14:47:17,396 - INFO - Page 22 saved to data/raw/blocket/page22.html
2025-08-17 14:47:19,572 - INFO - Scraping page 23...
2025-08-17 14:47:21,160 - INFO - Found 60 property listings on page 23
2025-08-17 14:47:21,173 - INFO - Page 23 saved to data/raw/blocket/page23.html
2025-08-17 14:47:23,370 - INFO - Scraping page 24...
2025-08-17 14:47:25,814 - INFO - Found 60 property listings on page 24
2025-08-17 14:47:25,830 - INFO - Page 24 saved to data/raw/blocket/page24.html
2025-08-17 14:47:27,598 - INFO - Scraping page 25...
2025-08-17 14:47:29,286 - INFO - Found 60 property listings on page 25
2025-08-17 14:47:29,301 - INFO - Page 25 saved to data/raw/blocket/page25.html
2025-08-17 14:47:32,293 - INFO - Scraping page 26...
2025-08-17 14:47:33,867 - INFO - Found 15 property listings on page 26
2025-08-17 14:47:33,874 - INFO - Page 26 saved to data/raw/blocket/page26.html
2025-08-17 14:47:33,966 - INFO - Scraping completed. Success: 26, Failed: 0
2025-08-17 14:47:33,966 - INFO - Scraping process completed!
